DEPRECATION WARNING: Using legacy connection handling is deprecated. Please set
`legacy_connection_handling` to `false` in your application.

The new connection handling does not support `connection_handlers`
getter and setter.

Read more about how to migrate at: https://guides.rubyonrails.org/active_record_multiple_databases.html#migrate-to-the-new-connection-handling
 (called from <main> at /home/ssaigh/lab04-ssaigh/config/environment.rb:5)
DEPRECATION WARNING: Non-URL-safe CSRF tokens are deprecated. Use 6.1 defaults or above. (called from block in <class:Engine> at /usr/local/rvm/gems/ruby-3.1.2/bundler/gems/best_in_place-88eb3052623a/lib/best_in_place/engine.rb:5)
DEPRECATION WARNING: Using legacy connection handling is deprecated. Please set
`legacy_connection_handling` to `false` in your application.

The new connection handling does not support `connection_handlers`
getter and setter.

Read more about how to migrate at: https://guides.rubyonrails.org/active_record_multiple_databases.html#migrate-to-the-new-connection-handling
 (called from <main> at /home/ssaigh/lab04-ssaigh/config/environment.rb:5)
DEPRECATION WARNING: Non-URL-safe CSRF tokens are deprecated. Use 6.1 defaults or above. (called from block in <class:Engine> at /usr/local/rvm/gems/ruby-3.1.2/bundler/gems/best_in_place-88eb3052623a/lib/best_in_place/engine.rb:5)
DEPRECATION WARNING: Using legacy connection handling is deprecated. Please set
`legacy_connection_handling` to `false` in your application.

The new connection handling does not support `connection_handlers`
getter and setter.

Read more about how to migrate at: https://guides.rubyonrails.org/active_record_multiple_databases.html#migrate-to-the-new-connection-handling
 (called from <main> at /home/ssaigh/lab04-ssaigh/config/environment.rb:5)
DEPRECATION WARNING: Non-URL-safe CSRF tokens are deprecated. Use 6.1 defaults or above. (called from block in <class:Engine> at /usr/local/rvm/gems/ruby-3.1.2/bundler/gems/best_in_place-88eb3052623a/lib/best_in_place/engine.rb:5)
  [1m[35m (6.5ms)[0m  [1m[35mCREATE TABLE "schema_migrations" ("version" varchar NOT NULL PRIMARY KEY)[0m
  [1m[35m (3.4ms)[0m  [1m[35mCREATE TABLE "ar_internal_metadata" ("key" varchar NOT NULL PRIMARY KEY, "value" varchar, "created_at" datetime(6) NOT NULL, "updated_at" datetime(6) NOT NULL)[0m
  [1m[36mActiveRecord::SchemaMigration Pluck (0.1ms)[0m  [1m[34mSELECT "schema_migrations"."version" FROM "schema_migrations" ORDER BY "schema_migrations"."version" ASC[0m
Migrating to CreatePublishers (20240208112004)
  [1m[36mTRANSACTION (0.0ms)[0m  [1m[36mbegin transaction[0m
  [1m[35m (0.3ms)[0m  [1m[35mCREATE TABLE "publishers" ("id" integer PRIMARY KEY AUTOINCREMENT NOT NULL, "name" varchar, "created_at" datetime(6) NOT NULL, "updated_at" datetime(6) NOT NULL)[0m
  [1m[36mActiveRecord::SchemaMigration Create (0.2ms)[0m  [1m[32mINSERT INTO "schema_migrations" ("version") VALUES (?)[0m  [["version", "20240208112004"]]
  [1m[36mTRANSACTION (6.4ms)[0m  [1m[36mcommit transaction[0m
Migrating to CreateBooks (20240208112224)
  [1m[36mTRANSACTION (1.9ms)[0m  [1m[36mbegin transaction[0m
  [1m[35m (0.5ms)[0m  [1m[35mCREATE TABLE "books" ("id" integer PRIMARY KEY AUTOINCREMENT NOT NULL, "title" varchar, "year_published" integer, "publisher_id" integer NOT NULL, "created_at" datetime(6) NOT NULL, "updated_at" datetime(6) NOT NULL, CONSTRAINT "fk_rails_d7ae2b039e"
FOREIGN KEY ("publisher_id")
  REFERENCES "publishers" ("id")
)[0m
  [1m[35m (0.1ms)[0m  [1m[35mCREATE INDEX "index_books_on_publisher_id" ON "books" ("publisher_id")[0m
  [1m[36mActiveRecord::SchemaMigration Create (0.1ms)[0m  [1m[32mINSERT INTO "schema_migrations" ("version") VALUES (?)[0m  [["version", "20240208112224"]]
  [1m[36mTRANSACTION (3.3ms)[0m  [1m[36mcommit transaction[0m
  [1m[36mActiveRecord::InternalMetadata Load (0.2ms)[0m  [1m[34mSELECT "ar_internal_metadata".* FROM "ar_internal_metadata" WHERE "ar_internal_metadata"."key" = ? LIMIT ?[0m  [["key", "environment"], ["LIMIT", 1]]
  [1m[36mTRANSACTION (0.0ms)[0m  [1m[36mbegin transaction[0m
  [1m[36mActiveRecord::InternalMetadata Create (0.4ms)[0m  [1m[32mINSERT INTO "ar_internal_metadata" ("key", "value", "created_at", "updated_at") VALUES (?, ?, ?, ?)[0m  [["key", "environment"], ["value", "development"], ["created_at", "2024-02-08 11:24:58.159112"], ["updated_at", "2024-02-08 11:24:58.159112"]]
  [1m[36mTRANSACTION (3.6ms)[0m  [1m[36mcommit transaction[0m
  [1m[36mActiveRecord::SchemaMigration Pluck (0.1ms)[0m  [1m[34mSELECT "schema_migrations"."version" FROM "schema_migrations" ORDER BY "schema_migrations"."version" ASC[0m
  [1m[36mActiveRecord::SchemaMigration Pluck (0.1ms)[0m  [1m[34mSELECT "schema_migrations"."version" FROM "schema_migrations" ORDER BY "schema_migrations"."version" ASC[0m
Migrating to CreateAuthors (20240208112947)
  [1m[36mTRANSACTION (0.1ms)[0m  [1m[36mbegin transaction[0m
  [1m[35m (0.4ms)[0m  [1m[35mCREATE TABLE "authors" ("id" integer PRIMARY KEY AUTOINCREMENT NOT NULL, "first_name" varchar, "last_name" varchar, "created_at" datetime(6) NOT NULL, "updated_at" datetime(6) NOT NULL)[0m
  [1m[36mActiveRecord::SchemaMigration Create (0.2ms)[0m  [1m[32mINSERT INTO "schema_migrations" ("version") VALUES (?)[0m  [["version", "20240208112947"]]
  [1m[36mTRANSACTION (6.7ms)[0m  [1m[36mcommit transaction[0m
  [1m[36mActiveRecord::InternalMetadata Load (0.1ms)[0m  [1m[34mSELECT "ar_internal_metadata".* FROM "ar_internal_metadata" WHERE "ar_internal_metadata"."key" = ? LIMIT ?[0m  [["key", "environment"], ["LIMIT", 1]]
  [1m[36mActiveRecord::SchemaMigration Pluck (0.3ms)[0m  [1m[34mSELECT "schema_migrations"."version" FROM "schema_migrations" ORDER BY "schema_migrations"."version" ASC[0m
  [1m[36mActiveRecord::SchemaMigration Pluck (0.2ms)[0m  [1m[34mSELECT "schema_migrations"."version" FROM "schema_migrations" ORDER BY "schema_migrations"."version" ASC[0m
Migrating to CreateBookAuthors (20240208113305)
  [1m[36mTRANSACTION (0.1ms)[0m  [1m[36mbegin transaction[0m
  [1m[35m (1.6ms)[0m  [1m[35mCREATE TABLE "book_authors" ("id" integer PRIMARY KEY AUTOINCREMENT NOT NULL, "book_id" integer NOT NULL, "author_id" integer NOT NULL, "created_at" datetime(6) NOT NULL, "updated_at" datetime(6) NOT NULL, CONSTRAINT "fk_rails_b23f3934c1"
FOREIGN KEY ("book_id")
  REFERENCES "books" ("id")
, CONSTRAINT "fk_rails_0c0759568d"
FOREIGN KEY ("author_id")
  REFERENCES "authors" ("id")
)[0m
  [1m[35m (0.2ms)[0m  [1m[35mCREATE INDEX "index_book_authors_on_book_id" ON "book_authors" ("book_id")[0m
  [1m[35m (0.1ms)[0m  [1m[35mCREATE INDEX "index_book_authors_on_author_id" ON "book_authors" ("author_id")[0m
  [1m[36mActiveRecord::SchemaMigration Create (0.2ms)[0m  [1m[32mINSERT INTO "schema_migrations" ("version") VALUES (?)[0m  [["version", "20240208113305"]]
  [1m[36mTRANSACTION (4.3ms)[0m  [1m[36mcommit transaction[0m
  [1m[36mActiveRecord::InternalMetadata Load (0.2ms)[0m  [1m[34mSELECT "ar_internal_metadata".* FROM "ar_internal_metadata" WHERE "ar_internal_metadata"."key" = ? LIMIT ?[0m  [["key", "environment"], ["LIMIT", 1]]
  [1m[36mActiveRecord::SchemaMigration Pluck (0.1ms)[0m  [1m[34mSELECT "schema_migrations"."version" FROM "schema_migrations" ORDER BY "schema_migrations"."version" ASC[0m
  [1m[36mTRANSACTION (0.1ms)[0m  [1m[36mbegin transaction[0m
  [1m[36mPublisher Create (1.0ms)[0m  [1m[32mINSERT INTO "publishers" ("name", "created_at", "updated_at") VALUES (?, ?, ?)[0m  [["name", "Pearson"], ["created_at", "2024-02-08 11:56:18.809957"], ["updated_at", "2024-02-08 11:56:18.809957"]]
  [1m[36mTRANSACTION (3.2ms)[0m  [1m[36mcommit transaction[0m
  [1m[36mTRANSACTION (0.1ms)[0m  [1m[36mbegin transaction[0m
  [1m[36mPublisher Create (0.6ms)[0m  [1m[32mINSERT INTO "publishers" ("name", "created_at", "updated_at") VALUES (?, ?, ?)[0m  [["name", "MarkMillan"], ["created_at", "2024-02-08 11:56:49.323641"], ["updated_at", "2024-02-08 11:56:49.323641"]]
  [1m[36mTRANSACTION (4.0ms)[0m  [1m[36mcommit transaction[0m
  [1m[36mPublisher Load (0.3ms)[0m  [1m[34mSELECT "publishers".* FROM "publishers"[0m
  [1m[36mTRANSACTION (0.1ms)[0m  [1m[36mbegin transaction[0m
  [1m[36mPublisher Create (1.3ms)[0m  [1m[32mINSERT INTO "publishers" ("name", "created_at", "updated_at") VALUES (?, ?, ?)[0m  [["name", "Edexcel"], ["created_at", "2024-02-08 11:59:43.130214"], ["updated_at", "2024-02-08 11:59:43.130214"]]
  [1m[36mTRANSACTION (4.1ms)[0m  [1m[36mcommit transaction[0m
  [1m[36mPublisher Load (0.2ms)[0m  [1m[34mSELECT "publishers".* FROM "publishers"[0m
  [1m[36mTRANSACTION (0.5ms)[0m  [1m[36mbegin transaction[0m
  [1m[36mAuthor Create (0.3ms)[0m  [1m[32mINSERT INTO "authors" ("first_name", "last_name", "created_at", "updated_at") VALUES (?, ?, ?, ?)[0m  [["first_name", " Salman"], ["last_name", "Al-Saigh"], ["created_at", "2024-02-08 12:02:28.807743"], ["updated_at", "2024-02-08 12:02:28.807743"]]
  [1m[36mTRANSACTION (3.2ms)[0m  [1m[36mcommit transaction[0m
  [1m[36mTRANSACTION (0.1ms)[0m  [1m[36mbegin transaction[0m
  [1m[36mAuthor Create (0.6ms)[0m  [1m[32mINSERT INTO "authors" ("first_name", "last_name", "created_at", "updated_at") VALUES (?, ?, ?, ?)[0m  [["first_name", " Ahmed"], ["last_name", "Al-Saigh"], ["created_at", "2024-02-08 12:02:40.574402"], ["updated_at", "2024-02-08 12:02:40.574402"]]
  [1m[36mTRANSACTION (4.4ms)[0m  [1m[36mcommit transaction[0m
  [1m[36mTRANSACTION (0.1ms)[0m  [1m[36mbegin transaction[0m
  [1m[36mAuthor Create (0.6ms)[0m  [1m[32mINSERT INTO "authors" ("first_name", "last_name", "created_at", "updated_at") VALUES (?, ?, ?, ?)[0m  [["first_name", " Yousef"], ["last_name", "Al-Majed"], ["created_at", "2024-02-08 12:02:55.007958"], ["updated_at", "2024-02-08 12:02:55.007958"]]
  [1m[36mTRANSACTION (3.7ms)[0m  [1m[36mcommit transaction[0m
  [1m[36mPublisher Load (0.2ms)[0m  [1m[34mSELECT "publishers".* FROM "publishers"[0m
  [1m[36mAuthor Load (0.2ms)[0m  [1m[34mSELECT "authors".* FROM "authors"[0m
  [1m[36mPublisher Load (0.2ms)[0m  [1m[34mSELECT "publishers".* FROM "publishers"[0m
  [1m[36mAuthor Load (0.1ms)[0m  [1m[34mSELECT "authors".* FROM "authors"[0m
